⚠️  pytrends not installed. Run: pip install pytrends

======================================================================
             🐕 CLEVERDOGMETHOD — DAILY CONTENT AUTOMATION             
======================================================================

📅 Tuesday, March 24, 2026
🕐 08:00 UTC


======================================================================
                   STEP 1: RESEARCH TRENDING TOPICS                   
======================================================================

🔍 SCRAPING REDDIT FOR DOG TRAINING TOPICS
============================================================

📡 Fetching r/Dogtraining...
Error scraping r/Dogtraining: Expecting value: line 1 column 1 (char 0)
   Found 0 relevant posts

📡 Fetching r/dogs...
Error scraping r/dogs: Expecting value: line 1 column 1 (char 0)
   Found 0 relevant posts

📡 Fetching r/puppy101...
Error scraping r/puppy101: Expecting value: line 1 column 1 (char 0)
   Found 0 relevant posts

📊 EXTRACTING TRENDING TOPICS
============================================================

💾 Saved to: /root/.openclaw/workspace/.state/reddit-topics.json

📊 FETCHING GOOGLE TRENDS DATA
============================================================

🔥 TOP 15 TRENDING QUERIES:
============================================================

1. "how to stop dog barking at night"
   Growth: High
   Search Interest: 800

2. "puppy biting too hard"
   Growth: High
   Search Interest: 750

3. "dog pulling on leash"
   Growth: Medium
   Search Interest: 700

4. "separation anxiety in dogs"
   Growth: High
   Search Interest: 650

5. "crate training puppy crying"
   Growth: Medium
   Search Interest: 600

6. "dog reactivity training"
   Growth: High
   Search Interest: 550

7. "teach dog recall"
   Growth: Medium
   Search Interest: 500

8. "puppy potty training regression"
   Growth: Medium
   Search Interest: 480

9. "dog resource guarding"
   Growth: High
   Search Interest: 450

10. "counter surfing dog"
   Growth: Low
   Search Interest: 420

11. "dog anxiety symptoms"
   Growth: Medium
   Search Interest: 400

12. "teach dog stay command"
   Growth: Low
   Search Interest: 380

13. "puppy socialization checklist"
   Growth: Medium
   Search Interest: 350

14. "dog jumping on guests"
   Growth: Low
   Search Interest: 320

15. "fearful dog training"
   Growth: Medium
   Search Interest: 300

💾 Saved to: /root/.openclaw/workspace/.state/google-trends.json

🎯 COMBINING RESEARCH DATA
============================================================

📊 Found 10 potential topics

📚 0 posts already published

🔍 SELECTING 3 UNIQUE TOPICS
============================================================
✅ Selected: How To Stop Dog Barking At Night
✅ Selected: Puppy Biting Too Hard
✅ Selected: Dog Pulling On Leash

======================================================================
                       STEP 2: GENERATE CONTENT                       
======================================================================

✍️  GENERATING CONTENT
============================================================

[1/3] Generating: How To Stop Dog Barking At Night

✍️  Generating content for: How To Stop Dog Barking At Night
   ✅ Generated 651 words
   📄 Slug: how-to-stop-dog-barking-at-night

[2/3] Generating: Puppy Biting Too Hard

✍️  Generating content for: Puppy Biting Too Hard
   ✅ Generated 679 words
   📄 Slug: puppy-biting-too-hard

[3/3] Generating: Dog Pulling On Leash

✍️  Generating content for: Dog Pulling On Leash
   ✅ Generated 647 words
   📄 Slug: dog-pulling-on-leash

======================================================================
                       STEP 3: UNIQUENESS CHECK                       
======================================================================

🔍 CHECKING POST UNIQUENESS
============================================================

📚 0 posts already published
🆕 Checking 3 new posts

✅ "How To Stop Dog Barking At Night..."
   Unique
✅ "Puppy Biting Too Hard..."
   Unique
✅ "Dog Pulling On Leash..."
   Unique

📊 RESULTS: 3 approved, 0 rejected

======================================================================
                      STEP 4: DEPLOY TO NETLIFY                       
======================================================================

============================================================
                🚀 CLEVERDOGMETHOD DEPLOYMENT                
============================================================

💾 SAVING POSTS
============================================================
✅ Saved: how-to-stop-dog-barking-at-night.html
✅ Saved: puppy-biting-too-hard.html
✅ Saved: dog-pulling-on-leash.html

📄 UPDATING SITEMAP
============================================================
✅ Added 3 URLs to sitemap

📊 State updated: 3 total posts published

🚀 DEPLOYING TO NETLIFY
============================================================
❌ Git error: Command '['git', 'push']' returned non-zero exit status 128.

============================================================
                   ✅ DEPLOYMENT COMPLETE                    
============================================================


❌ Deployment failed
