⚠️  pytrends not installed. Run: pip install pytrends

======================================================================
             🐕 CLEVERDOGMETHOD — DAILY CONTENT AUTOMATION             
======================================================================

📅 Tuesday, March 24, 2026
🕐 20:00 UTC


======================================================================
                   STEP 1: RESEARCH TRENDING TOPICS                   
======================================================================

🔍 SCRAPING REDDIT FOR DOG TRAINING TOPICS
============================================================

📡 Fetching r/Dogtraining...
Error scraping r/Dogtraining: Expecting value: line 1 column 1 (char 0)
   Found 0 relevant posts

📡 Fetching r/dogs...
Error scraping r/dogs: Expecting value: line 1 column 1 (char 0)
   Found 0 relevant posts

📡 Fetching r/puppy101...
Error scraping r/puppy101: Expecting value: line 1 column 1 (char 0)
   Found 0 relevant posts

📊 EXTRACTING TRENDING TOPICS
============================================================

💾 Saved to: /root/.openclaw/workspace/.state/reddit-topics.json

📊 FETCHING GOOGLE TRENDS DATA
============================================================

🔥 TOP 15 TRENDING QUERIES:
============================================================

1. "how to stop dog barking at night"
   Growth: High
   Search Interest: 800

2. "puppy biting too hard"
   Growth: High
   Search Interest: 750

3. "dog pulling on leash"
   Growth: Medium
   Search Interest: 700

4. "separation anxiety in dogs"
   Growth: High
   Search Interest: 650

5. "crate training puppy crying"
   Growth: Medium
   Search Interest: 600

6. "dog reactivity training"
   Growth: High
   Search Interest: 550

7. "teach dog recall"
   Growth: Medium
   Search Interest: 500

8. "puppy potty training regression"
   Growth: Medium
   Search Interest: 480

9. "dog resource guarding"
   Growth: High
   Search Interest: 450

10. "counter surfing dog"
   Growth: Low
   Search Interest: 420

11. "dog anxiety symptoms"
   Growth: Medium
   Search Interest: 400

12. "teach dog stay command"
   Growth: Low
   Search Interest: 380

13. "puppy socialization checklist"
   Growth: Medium
   Search Interest: 350

14. "dog jumping on guests"
   Growth: Low
   Search Interest: 320

15. "fearful dog training"
   Growth: Medium
   Search Interest: 300

💾 Saved to: /root/.openclaw/workspace/.state/google-trends.json

🎯 COMBINING RESEARCH DATA
============================================================

📊 Found 10 potential topics

📚 3 posts already published

🔍 SELECTING 3 UNIQUE TOPICS
============================================================
⏭️  Skipped (duplicate): How To Stop Dog Barking At Night...
⏭️  Skipped (duplicate): Puppy Biting Too Hard...
⏭️  Skipped (duplicate): Dog Pulling On Leash...
✅ Selected: Separation Anxiety In Dogs
✅ Selected: Crate Training Puppy Crying
✅ Selected: Dog Reactivity Training

======================================================================
                       STEP 2: GENERATE CONTENT                       
======================================================================

✍️  GENERATING CONTENT
============================================================

[1/3] Generating: Separation Anxiety In Dogs

✍️  Generating content for: Separation Anxiety In Dogs
   ✅ Generated 702 words
   📄 Slug: separation-anxiety-in-dogs

[2/3] Generating: Crate Training Puppy Crying

✍️  Generating content for: Crate Training Puppy Crying
   ✅ Generated 678 words
   📄 Slug: crate-training-puppy-crying

[3/3] Generating: Dog Reactivity Training

✍️  Generating content for: Dog Reactivity Training
   ✅ Generated 710 words
   📄 Slug: dog-reactivity-training

======================================================================
                       STEP 3: UNIQUENESS CHECK                       
======================================================================

🔍 CHECKING POST UNIQUENESS
============================================================

📚 3 posts already published
🆕 Checking 3 new posts

✅ "Separation Anxiety In Dogs..."
   Unique
✅ "Crate Training Puppy Crying..."
   Unique
✅ "Dog Reactivity Training..."
   Unique

📊 RESULTS: 3 approved, 0 rejected

======================================================================
                      STEP 4: DEPLOY TO NETLIFY                       
======================================================================

============================================================
                🚀 CLEVERDOGMETHOD DEPLOYMENT                
============================================================

💾 SAVING POSTS
============================================================
✅ Saved: separation-anxiety-in-dogs.html
✅ Saved: crate-training-puppy-crying.html
✅ Saved: dog-reactivity-training.html

📄 UPDATING SITEMAP
============================================================
✅ Added 3 URLs to sitemap

📊 State updated: 6 total posts published

🚀 DEPLOYING TO NETLIFY
============================================================
❌ Git error: Command '['git', 'push']' returned non-zero exit status 128.

============================================================
                   ✅ DEPLOYMENT COMPLETE                    
============================================================


❌ Deployment failed
⚠️  pytrends not installed. Run: pip install pytrends

======================================================================
             🐕 CLEVERDOGMETHOD — DAILY CONTENT AUTOMATION             
======================================================================

📅 Wednesday, March 25, 2026
🕐 20:00 UTC


======================================================================
                   STEP 1: RESEARCH TRENDING TOPICS                   
======================================================================

🔍 SCRAPING REDDIT FOR DOG TRAINING TOPICS
============================================================

📡 Fetching r/Dogtraining...
Error scraping r/Dogtraining: Expecting value: line 1 column 1 (char 0)
   Found 0 relevant posts

📡 Fetching r/dogs...
Error scraping r/dogs: Expecting value: line 1 column 1 (char 0)
   Found 0 relevant posts

📡 Fetching r/puppy101...
Error scraping r/puppy101: Expecting value: line 1 column 1 (char 0)
   Found 0 relevant posts

📊 EXTRACTING TRENDING TOPICS
============================================================

💾 Saved to: /root/.openclaw/workspace/.state/reddit-topics.json

📊 FETCHING GOOGLE TRENDS DATA
============================================================

🔥 TOP 15 TRENDING QUERIES:
============================================================

1. "how to stop dog barking at night"
   Growth: High
   Search Interest: 800

2. "puppy biting too hard"
   Growth: High
   Search Interest: 750

3. "dog pulling on leash"
   Growth: Medium
   Search Interest: 700

4. "separation anxiety in dogs"
   Growth: High
   Search Interest: 650

5. "crate training puppy crying"
   Growth: Medium
   Search Interest: 600

6. "dog reactivity training"
   Growth: High
   Search Interest: 550

7. "teach dog recall"
   Growth: Medium
   Search Interest: 500

8. "puppy potty training regression"
   Growth: Medium
   Search Interest: 480

9. "dog resource guarding"
   Growth: High
   Search Interest: 450

10. "counter surfing dog"
   Growth: Low
   Search Interest: 420

11. "dog anxiety symptoms"
   Growth: Medium
   Search Interest: 400

12. "teach dog stay command"
   Growth: Low
   Search Interest: 380

13. "puppy socialization checklist"
   Growth: Medium
   Search Interest: 350

14. "dog jumping on guests"
   Growth: Low
   Search Interest: 320

15. "fearful dog training"
   Growth: Medium
   Search Interest: 300

💾 Saved to: /root/.openclaw/workspace/.state/google-trends.json

🎯 COMBINING RESEARCH DATA
============================================================

📊 Found 10 potential topics

📚 6 posts already published

🔍 SELECTING 3 UNIQUE TOPICS
============================================================
⏭️  Skipped (duplicate): How To Stop Dog Barking At Night...
⏭️  Skipped (duplicate): Puppy Biting Too Hard...
⏭️  Skipped (duplicate): Dog Pulling On Leash...
⏭️  Skipped (duplicate): Separation Anxiety In Dogs...
⏭️  Skipped (duplicate): Crate Training Puppy Crying...
✅ Selected: Dog Reactivity Training
✅ Selected: Teach Dog Recall
✅ Selected: Puppy Potty Training Regression

======================================================================
                       STEP 2: GENERATE CONTENT                       
======================================================================

✍️  GENERATING CONTENT
============================================================

[1/3] Generating: Dog Reactivity Training

✍️  Generating content for: Dog Reactivity Training
   ✅ Generated 675 words
   📄 Slug: dog-reactivity-training

[2/3] Generating: Teach Dog Recall

✍️  Generating content for: Teach Dog Recall
   ✅ Generated 733 words
   📄 Slug: teach-dog-recall

[3/3] Generating: Puppy Potty Training Regression

✍️  Generating content for: Puppy Potty Training Regression
   ✅ Generated 658 words
   📄 Slug: puppy-potty-training-regression

======================================================================
                       STEP 3: UNIQUENESS CHECK                       
======================================================================

🔍 CHECKING POST UNIQUENESS
============================================================

📚 6 posts already published
🆕 Checking 3 new posts

❌ "Dog Reactivity Training..."
   Title too similar to: Dog Reactivity Training
✅ "Teach Dog Recall..."
   Unique
✅ "Puppy Potty Training Regression..."
   Unique

📊 RESULTS: 2 approved, 1 rejected

======================================================================
                      STEP 4: DEPLOY TO NETLIFY                       
======================================================================

============================================================
                🚀 CLEVERDOGMETHOD DEPLOYMENT                
============================================================

💾 SAVING POSTS
============================================================
✅ Saved: teach-dog-recall.html
✅ Saved: puppy-potty-training-regression.html

📄 UPDATING SITEMAP
============================================================
✅ Added 2 URLs to sitemap

📊 State updated: 8 total posts published

🚀 DEPLOYING TO NETLIFY
============================================================
❌ Git error: Command '['git', 'push']' returned non-zero exit status 128.

============================================================
                   ✅ DEPLOYMENT COMPLETE                    
============================================================


❌ Deployment failed
⚠️  pytrends not installed. Run: pip install pytrends

======================================================================
             🐕 CLEVERDOGMETHOD — DAILY CONTENT AUTOMATION             
======================================================================

📅 Thursday, March 26, 2026
🕐 20:00 UTC


======================================================================
                   STEP 1: RESEARCH TRENDING TOPICS                   
======================================================================

🔍 SCRAPING REDDIT FOR DOG TRAINING TOPICS
============================================================

📡 Fetching r/Dogtraining...
Error scraping r/Dogtraining: Expecting value: line 1 column 1 (char 0)
   Found 0 relevant posts

📡 Fetching r/dogs...
Error scraping r/dogs: Expecting value: line 1 column 1 (char 0)
   Found 0 relevant posts

📡 Fetching r/puppy101...
Error scraping r/puppy101: Expecting value: line 1 column 1 (char 0)
   Found 0 relevant posts

📊 EXTRACTING TRENDING TOPICS
============================================================

💾 Saved to: /root/.openclaw/workspace/.state/reddit-topics.json

📊 FETCHING GOOGLE TRENDS DATA
============================================================

🔥 TOP 15 TRENDING QUERIES:
============================================================

1. "how to stop dog barking at night"
   Growth: High
   Search Interest: 800

2. "puppy biting too hard"
   Growth: High
   Search Interest: 750

3. "dog pulling on leash"
   Growth: Medium
   Search Interest: 700

4. "separation anxiety in dogs"
   Growth: High
   Search Interest: 650

5. "crate training puppy crying"
   Growth: Medium
   Search Interest: 600

6. "dog reactivity training"
   Growth: High
   Search Interest: 550

7. "teach dog recall"
   Growth: Medium
   Search Interest: 500

8. "puppy potty training regression"
   Growth: Medium
   Search Interest: 480

9. "dog resource guarding"
   Growth: High
   Search Interest: 450

10. "counter surfing dog"
   Growth: Low
   Search Interest: 420

11. "dog anxiety symptoms"
   Growth: Medium
   Search Interest: 400

12. "teach dog stay command"
   Growth: Low
   Search Interest: 380

13. "puppy socialization checklist"
   Growth: Medium
   Search Interest: 350

14. "dog jumping on guests"
   Growth: Low
   Search Interest: 320

15. "fearful dog training"
   Growth: Medium
   Search Interest: 300

💾 Saved to: /root/.openclaw/workspace/.state/google-trends.json

🎯 COMBINING RESEARCH DATA
============================================================

📊 Found 10 potential topics

📚 9 posts already published

🔍 SELECTING 3 UNIQUE TOPICS
============================================================
⏭️  Skipped (duplicate): How To Stop Dog Barking At Night...
⏭️  Skipped (duplicate): Puppy Biting Too Hard...
⏭️  Skipped (duplicate): Dog Pulling On Leash...
⏭️  Skipped (duplicate): Separation Anxiety In Dogs...
⏭️  Skipped (duplicate): Crate Training Puppy Crying...
✅ Selected: Dog Reactivity Training
✅ Selected: Teach Dog Recall
⏭️  Skipped (duplicate): Puppy Potty Training Regression...
✅ Selected: Dog Resource Guarding

======================================================================
                       STEP 2: GENERATE CONTENT                       
======================================================================

✍️  GENERATING CONTENT
============================================================

[1/3] Generating: Dog Reactivity Training

✍️  Generating content for: Dog Reactivity Training
   ✅ Generated 672 words
   📄 Slug: dog-reactivity-training

[2/3] Generating: Teach Dog Recall

✍️  Generating content for: Teach Dog Recall
   ✅ Generated 647 words
   📄 Slug: teach-dog-recall

[3/3] Generating: Dog Resource Guarding

✍️  Generating content for: Dog Resource Guarding
   ✅ Generated 599 words
   📄 Slug: dog-resource-guarding

======================================================================
                       STEP 3: UNIQUENESS CHECK                       
======================================================================

🔍 CHECKING POST UNIQUENESS
============================================================

📚 9 posts already published
🆕 Checking 3 new posts

❌ "Dog Reactivity Training..."
   Title too similar to: Dog Reactivity Training
❌ "Teach Dog Recall..."
   Title too similar to: Teach Dog Recall
❌ "Dog Resource Guarding..."
   Title too similar to: Dog Resource Guarding

📊 RESULTS: 0 approved, 3 rejected

❌ No posts passed uniqueness check
