[2026-03-26 01:47:27] === Mind Crimes Daily Generator Started ===
[2026-03-26 01:47:27] STEP 1: Researching trending topics...
[2026-03-26 01:47:27] Found 10 potential topics
[2026-03-26 01:47:27] STEP 2: Selecting 2 topics for today...
[2026-03-26 01:47:27] Selected: The Tinder Swindler Copycat Who Stole $2M in 2024 (realistic)
[2026-03-26 01:47:27] Selected: How Gaslighting Destroys Your Reality (lovecraft)
[2026-03-26 01:47:27] STEP 3: Generating CapCut AI prompts...
[2026-03-26 01:47:27] Generating prompt for: The Tinder Swindler Copycat Who Stole $2M in 2024
[2026-03-26 01:47:28] ✅ Prompt generated (30 chars)
[2026-03-26 01:47:28] Generating prompt for: How Gaslighting Destroys Your Reality
[2026-03-26 01:47:28] ✅ Prompt generated (30 chars)
[2026-03-26 01:47:28] STEP 4: Creating daily file...
[2026-03-26 01:47:28] ✅ File created: /root/.openclaw/workspace/content/mind-crimes/2026-03-26.md
[2026-03-26 01:47:28] STEP 5: Sending Telegram notification...
[2026-03-26 01:47:28] ✅ Telegram notification sent
[2026-03-26 01:47:28] === Mind Crimes Daily Generator Complete ===
[2026-03-26 01:47:50] === Mind Crimes Daily Generator Started ===
[2026-03-26 01:47:50] STEP 1: Researching trending topics...
[2026-03-26 01:47:50] Found 10 potential topics
[2026-03-26 01:47:50] STEP 2: Selecting 2 topics for today...
[2026-03-26 01:47:50] Selected: The Tinder Swindler Copycat Who Stole $2M in 2024 (realistic)
[2026-03-26 01:47:50] Selected: How Gaslighting Destroys Your Reality (lovecraft)
[2026-03-26 01:47:50] STEP 3: Generating CapCut AI prompts...
[2026-03-26 01:47:50] Generating prompt for: The Tinder Swindler Copycat Who Stole $2M in 2024
[2026-03-26 01:47:50] ✅ Prompt generated (30 chars)
[2026-03-26 01:47:50] Generating prompt for: How Gaslighting Destroys Your Reality
[2026-03-26 01:47:50] ✅ Prompt generated (30 chars)
[2026-03-26 01:47:50] STEP 4: Creating daily file...
[2026-03-26 01:47:50] ✅ File created: /root/.openclaw/workspace/content/mind-crimes/2026-03-26.md
[2026-03-26 01:47:50] STEP 5: Sending Telegram notification...
[2026-03-26 01:47:50] ✅ Telegram notification sent
[2026-03-26 01:47:50] === Mind Crimes Daily Generator Complete ===
[2026-03-26 01:51:23] === Mind Crimes Daily Generator Started ===
[2026-03-26 01:51:23] STEP 1: Researching trending topics...
[2026-03-26 01:51:23] Found 10 potential topics
[2026-03-26 01:51:23] STEP 2: Selecting 2 topics for today...
[2026-03-26 01:51:23] Selected: The Tinder Swindler Copycat Who Stole $2M in 2024 (realistic)
[2026-03-26 01:51:23] Selected: How Gaslighting Destroys Your Reality (lovecraft)
[2026-03-26 01:51:23] STEP 3: Generating CapCut AI prompts...
[2026-03-26 01:51:23] Generating prompt for: The Tinder Swindler Copycat Who Stole $2M in 2024
[2026-03-26 01:51:42] ✅ Prompt generated (2236 chars)
[2026-03-26 01:51:42] Generating prompt for: How Gaslighting Destroys Your Reality
[2026-03-26 01:52:04] ✅ Prompt generated (2665 chars)
[2026-03-26 01:52:04] STEP 4: Creating daily file...
[2026-03-26 01:52:04] ✅ File created: /root/.openclaw/workspace/content/mind-crimes/2026-03-26.md
[2026-03-26 01:52:04] STEP 5: Sending Telegram notification...
[2026-03-26 01:52:04] ✅ Telegram notification sent
[2026-03-26 01:52:04] === Mind Crimes Daily Generator Complete ===
[2026-03-26 01:56:43] === Mind Crimes Daily Generator Started ===
[2026-03-26 01:56:43] STEP 1: Researching trending topics...
[2026-03-26 01:56:43] Using web_search for real-time research...
[2026-03-26 01:56:52] Using fallback topics...
[2026-03-26 01:56:52] Found 10 potential topics
[2026-03-26 01:56:52] STEP 2: Selecting 2 topics for today...
[2026-03-26 01:56:52] Selected: How Gaslighting Destroys Your Reality (lovecraft)
[2026-03-26 01:56:52] Selected: The Tinder Swindler Copycat Who Stole $2M in 2024 (realistic)
[2026-03-26 01:56:52] STEP 3: Generating CapCut AI prompts...
[2026-03-26 01:56:52] Generating prompt for: How Gaslighting Destroys Your Reality
[2026-03-26 01:57:14] ✅ Prompt generated (2894 chars)
[2026-03-26 01:57:14] Generating prompt for: The Tinder Swindler Copycat Who Stole $2M in 2024
[2026-03-26 01:57:37] ✅ Prompt generated (2151 chars)
[2026-03-26 01:57:37] STEP 4: Creating daily file...
[2026-03-26 01:57:37] ✅ File created: /root/.openclaw/workspace/content/mind-crimes/2026-03-26.md
[2026-03-26 01:57:37] STEP 5: Sending Telegram notification...
[2026-03-26 01:57:37] ❌ ERROR: 'metadata'
[2026-03-26 01:57:37] Traceback (most recent call last):
  File "/root/.openclaw/workspace/scripts/mind-crimes-daily.py", line 521, in main
    if send_telegram_notification(output_file, selected_topics):
       ^^^^^^^^^^^^^^^^^^^^^^^^^^^^^^^^^^^^^^^^^^^^^^^^^^^^^^^^
  File "/root/.openclaw/workspace/scripts/mind-crimes-daily.py", line 405, in send_telegram_notification
    **{video1['metadata']['title']}**
       ~~~~~~^^^^^^^^^^^^
KeyError: 'metadata'

[2026-03-26 01:57:49] === Mind Crimes Daily Generator Started ===
[2026-03-26 01:57:49] STEP 1: Researching trending topics...
[2026-03-26 01:57:49] Using web_search for real-time research...
[2026-03-26 01:57:56] Using fallback topics...
[2026-03-26 01:57:56] Found 10 potential topics
[2026-03-26 01:57:56] STEP 2: Selecting 2 topics for today...
[2026-03-26 01:57:56] Selected: How Gaslighting Destroys Your Reality (lovecraft)
[2026-03-26 01:57:56] Selected: The Tinder Swindler Copycat Who Stole $2M in 2024 (realistic)
[2026-03-26 01:57:56] STEP 3: Generating CapCut AI prompts...
[2026-03-26 01:57:56] Generating prompt for: How Gaslighting Destroys Your Reality
[2026-03-26 01:58:25] ✅ Prompt generated (2313 chars)
[2026-03-26 01:58:25] Generating prompt for: The Tinder Swindler Copycat Who Stole $2M in 2024
[2026-03-26 01:58:43] ✅ Prompt generated (2640 chars)
[2026-03-26 01:58:43] STEP 4: Creating daily file...
[2026-03-26 01:58:43] ✅ File created: /root/.openclaw/workspace/content/mind-crimes/2026-03-26.md
[2026-03-26 01:58:43] STEP 5: Sending Telegram notification...
[2026-03-26 01:58:44] ✅ Telegram notification sent
[2026-03-26 01:58:44] === Mind Crimes Daily Generator Complete ===
[2026-03-26 02:04:32] === Mind Crimes Daily Generator Started ===
[2026-03-26 02:04:32] STEP 1: Researching trending topics...
[2026-03-26 02:04:32] Using web_search for real-time research...
[2026-03-26 02:04:38] Using fallback topics...
[2026-03-26 02:04:38] Found 10 potential topics
[2026-03-26 02:04:38] STEP 2: Selecting 2 topics for today...
[2026-03-26 02:04:38] Selected: The Tinder Swindler Copycat Who Stole $2M in 2024 (realistic)
[2026-03-26 02:04:38] Selected: How Gaslighting Destroys Your Reality (lovecraft)
[2026-03-26 02:04:38] STEP 3: Generating CapCut AI prompts...
[2026-03-26 02:04:38] Generating prompt for: The Tinder Swindler Copycat Who Stole $2M in 2024
[2026-03-26 02:04:56] ✅ Prompt generated (3053 chars)
[2026-03-26 02:04:56] Generating prompt for: How Gaslighting Destroys Your Reality
[2026-03-26 02:05:30] ✅ Prompt generated (2331 chars)
[2026-03-26 02:05:30] STEP 4: Creating daily file...
[2026-03-26 02:05:30] ✅ File created: /root/.openclaw/workspace/content/mind-crimes/2026-03-26.md
[2026-03-26 02:05:30] STEP 5: Sending Telegram notification...
[2026-03-26 02:05:30] ✅ Telegram notification sent
[2026-03-26 02:05:30] === Mind Crimes Daily Generator Complete ===
[2026-03-26 08:00:01] === Mind Crimes Daily Generator Started ===
[2026-03-26 08:00:01] STEP 1: Researching trending topics...
[2026-03-26 08:00:01] Using web_search for real-time research...
[2026-03-26 08:00:08] Using fallback topics...
[2026-03-26 08:00:08] Found 10 potential topics
[2026-03-26 08:00:08] STEP 2: Selecting 2 topics for today...
[2026-03-26 08:00:08] Selected: How Gaslighting Destroys Your Reality (lovecraft)
[2026-03-26 08:00:08] Selected: The Tinder Swindler Copycat Who Stole $2M in 2024 (realistic)
[2026-03-26 08:00:08] STEP 3: Generating CapCut AI prompts...
[2026-03-26 08:00:08] Generating prompt for: How Gaslighting Destroys Your Reality
[2026-03-26 08:00:25] ✅ Prompt generated (2669 chars)
[2026-03-26 08:00:25] Generating prompt for: The Tinder Swindler Copycat Who Stole $2M in 2024
[2026-03-26 08:00:42] ✅ Prompt generated (2240 chars)
[2026-03-26 08:00:42] STEP 4: Creating daily file...
[2026-03-26 08:00:42] ✅ File created: /root/.openclaw/workspace/content/mind-crimes/2026-03-26.md
[2026-03-26 08:00:42] STEP 5: Sending Telegram notification...
[2026-03-26 08:00:43] ✅ Telegram notification sent
[2026-03-26 08:00:43] === Mind Crimes Daily Generator Complete ===
[2026-03-26 08:00:01] === Mind Crimes Daily Generator Started ===
[2026-03-26 08:00:01] STEP 1: Researching trending topics...
[2026-03-26 08:00:01] Using web_search for real-time research...
[2026-03-26 08:00:08] Using fallback topics...
[2026-03-26 08:00:08] Found 10 potential topics
[2026-03-26 08:00:08] STEP 2: Selecting 2 topics for today...
[2026-03-26 08:00:08] Selected: How Gaslighting Destroys Your Reality (lovecraft)
[2026-03-26 08:00:08] Selected: The Tinder Swindler Copycat Who Stole $2M in 2024 (realistic)
[2026-03-26 08:00:08] STEP 3: Generating CapCut AI prompts...
[2026-03-26 08:00:08] Generating prompt for: How Gaslighting Destroys Your Reality
[2026-03-26 08:00:25] ✅ Prompt generated (2669 chars)
[2026-03-26 08:00:25] Generating prompt for: The Tinder Swindler Copycat Who Stole $2M in 2024
[2026-03-26 08:00:42] ✅ Prompt generated (2240 chars)
[2026-03-26 08:00:42] STEP 4: Creating daily file...
[2026-03-26 08:00:42] ✅ File created: /root/.openclaw/workspace/content/mind-crimes/2026-03-26.md
[2026-03-26 08:00:42] STEP 5: Sending Telegram notification...
[2026-03-26 08:00:43] ✅ Telegram notification sent
[2026-03-26 08:00:43] === Mind Crimes Daily Generator Complete ===
[2026-03-27 01:29:05] === Mind Crimes Daily Generator Started ===
[2026-03-27 01:29:05] STEP 1: Researching trending topics...
[2026-03-27 01:29:05] Using Brave Search API for real-time research...
[2026-03-27 01:29:07] Using fallback topics...
[2026-03-27 01:29:07] Found 10 potential topics
[2026-03-27 01:29:07] STEP 2: Selecting 2 topics for today...
[2026-03-27 01:29:07] Selected: How Gaslighting Destroys Your Reality (lovecraft)
[2026-03-27 01:29:07] Selected: The Tinder Swindler Copycat Who Stole $2M in 2024 (realistic)
[2026-03-27 01:29:07] STEP 3: Generating CapCut AI prompts...
[2026-03-27 01:29:07] Generating prompt for: How Gaslighting Destroys Your Reality
[2026-03-27 01:29:45] ✅ Prompt generated (2999 chars)
[2026-03-27 01:29:45] Generating prompt for: The Tinder Swindler Copycat Who Stole $2M in 2024
[2026-03-27 01:30:13] ✅ Prompt generated (2651 chars)
[2026-03-27 01:30:13] STEP 4: Creating daily file...
[2026-03-27 01:30:13] ✅ File created: /root/.openclaw/workspace/content/mind-crimes/2026-03-27.md
[2026-03-27 01:30:13] STEP 5: Sending Telegram notification...
[2026-03-27 01:30:14] ✅ Telegram notification sent
[2026-03-27 01:30:14] === Mind Crimes Daily Generator Complete ===
[2026-03-27 01:33:07] === Mind Crimes Daily Generator Started ===
[2026-03-27 01:33:07] STEP 1: Researching trending topics...
[2026-03-27 01:33:07] Generating fresh topics with AI research...
[2026-03-27 01:33:13] AI research failed: Expecting ',' delimiter: line 2 column 153 (char 154)
[2026-03-27 01:33:16] AI psychology research failed: Expecting ',' delimiter: line 5 column 86 (char 185)
[2026-03-27 01:33:16] ⚠️ Insufficient topics from AI, adding from fallback...
[2026-03-27 01:33:16] Using fallback topics...
[2026-03-27 01:33:16] Found 2 potential topics
[2026-03-27 01:33:16] STEP 2: Selecting 2 topics for today...
[2026-03-27 01:33:16] Selected: How Gaslighting Destroys Your Reality (lovecraft)
[2026-03-27 01:33:16] Selected: The Tinder Swindler Copycat Who Stole $2M in 2024 (realistic)
[2026-03-27 01:33:16] STEP 3: Generating CapCut AI prompts...
[2026-03-27 01:33:16] Generating prompt for: How Gaslighting Destroys Your Reality
[2026-03-27 01:33:42] ✅ Prompt generated (3113 chars)
[2026-03-27 01:33:42] Generating prompt for: The Tinder Swindler Copycat Who Stole $2M in 2024
[2026-03-27 01:34:12] ✅ Prompt generated (2585 chars)
[2026-03-27 01:34:12] STEP 4: Creating daily file...
[2026-03-27 01:34:12] ✅ File created: /root/.openclaw/workspace/content/mind-crimes/2026-03-27.md
[2026-03-27 01:34:12] STEP 5: Sending Telegram notification...
[2026-03-27 01:34:13] ✅ Telegram notification sent
[2026-03-27 01:34:13] === Mind Crimes Daily Generator Complete ===
[2026-03-27 01:35:02] === Mind Crimes Daily Generator Started ===
[2026-03-27 01:35:02] STEP 1: Researching trending topics...
[2026-03-27 01:35:02] ❌ ERROR: name 'research_trending_topics' is not defined
[2026-03-27 01:35:02] Traceback (most recent call last):
  File "/root/.openclaw/workspace/scripts/mind-crimes-daily.py", line 597, in main
    all_topics = research_trending_topics()
                 ^^^^^^^^^^^^^^^^^^^^^^^^
NameError: name 'research_trending_topics' is not defined

[2026-03-27 08:00:01] === Mind Crimes Daily Generator Started ===
[2026-03-27 08:00:01] STEP 1: Researching trending topics...
[2026-03-27 08:00:01] ❌ ERROR: name 'research_trending_topics' is not defined
[2026-03-27 08:00:01] Traceback (most recent call last):
  File "/root/.openclaw/workspace/scripts/mind-crimes-daily.py", line 597, in main
    all_topics = research_trending_topics()
                 ^^^^^^^^^^^^^^^^^^^^^^^^
NameError: name 'research_trending_topics' is not defined

[2026-03-27 08:00:01] === Mind Crimes Daily Generator Started ===
[2026-03-27 08:00:01] STEP 1: Researching trending topics...
[2026-03-27 08:00:01] ❌ ERROR: name 'research_trending_topics' is not defined
[2026-03-27 08:00:01] Traceback (most recent call last):
  File "/root/.openclaw/workspace/scripts/mind-crimes-daily.py", line 597, in main
    all_topics = research_trending_topics()
                 ^^^^^^^^^^^^^^^^^^^^^^^^
NameError: name 'research_trending_topics' is not defined
