============================================================
AI AUTOMATION BUILDER - REAL-TIME RESEARCH
Running at: 2026-03-29 02:00:01 UTC
============================================================
📰 Monitoring Hacker News...
✅ Found 4 AI stories on HN

⭐ Monitoring GitHub Trending...
✅ Found 15 trending AI repos

🚀 Monitoring Product Hunt today's launches...
✅ Found 0 AI tools launched today

🔴 Monitoring Reddit live threads...
✅ Found 0 live Reddit discussions

📊 Total items collected: 19

🔍 Deduplicating 19 items (threshold: 50%)...
✅ Removed 4 duplicates
   15 unique items remaining

🔥 Analyzing 15 items for breaking news...
  📲 Sent breaking news alert: bytedance/deer-flow - An open-source long-horizon ...

🔥 Detected 2 breaking stories

📊 Scoring 15 items with recency boost...
✅ Scored 15 items

⭐ High-priority items (score >= 32): 14

💾 Saved 12 new items, skipped 2 duplicates

============================================================
✅ REAL-TIME RESEARCH COMPLETE
============================================================
